<?xml version="1.0" encoding="utf-8"?><testsuites name="pytest tests"><testsuite name="pytest" errors="0" failures="0" skipped="0" tests="38" time="3.206" timestamp="2026-07-01T14:13:07.445928+00:00" hostname="agent-env-b0ab667b-616f-4121-8ab0-7b3072a912f7"><testcase classname="tests.backend_test.TestPublic" name="test_root" time="0.168" /><testcase classname="tests.backend_test.TestBookings" name="test_create_booking_cash" time="0.140" /><testcase classname="tests.backend_test.TestBookings" name="test_create_booking_upi_with_ref" time="0.048" /><testcase classname="tests.backend_test.TestPublic" name="test_cities" time="0.084" /><testcase classname="tests.backend_test.TestBookings" name="test_create_booking_upi_without_ref" time="0.057" /><testcase classname="tests.backend_test.TestBookings" name="test_create_booking_unsupported_city" time="0.046" /><testcase classname="tests.backend_test.TestPublic" name="test_services_all" time="0.045" /><testcase classname="tests.backend_test.TestBookings" name="test_create_booking_empty_items" time="0.049" /><testcase classname="tests.backend_test.TestPublic" name="test_services_city_multiplier" time="0.088" /><testcase classname="tests.backend_test.TestBookings" name="test_create_booking_unauth" time="0.044" /><testcase classname="tests.backend_test.TestPublic" name="test_slots" time="0.044" /><testcase classname="tests.backend_test.TestBookings" name="test_list_my_bookings" time="0.049" /><testcase classname="tests.backend_test.TestPublic" name="test_payment_info" time="0.046" /><testcase classname="tests.backend_test.TestBookings" name="test_get_booking_by_id" time="0.046" /><testcase classname="tests.backend_test.TestBookings" name="test_other_user_forbidden" time="0.265" /><testcase classname="tests.backend_test.TestAdminBookings" name="test_list_all" time="0.312" /><testcase classname="tests.backend_test.TestBookings" name="test_invoice_pdf" time="0.061" /><testcase classname="tests.backend_test.TestAdminBookings" name="test_update_status" time="0.091" /><testcase classname="tests.backend_test.TestReferral" name="test_referral_requires_auth" time="0.090" /><testcase classname="tests.backend_test.TestAdminBookings" name="test_update_invalid_status" time="0.130" /><testcase classname="tests.backend_test.TestReferral" name="test_my_referral" time="0.096" /><testcase classname="tests.backend_test.TestReferral" name="test_validate_referral_valid_other_user_code" time="0.196" /><testcase classname="tests.backend_test.TestAdminBookings" name="test_stats" time="0.050" /><testcase classname="tests.backend_test.TestAdminBookings" name="test_admin_bookings_unauth" time="0.044" /><testcase classname="tests.backend_test.TestAdminAuth" name="test_login_success" time="0.267" /><testcase classname="tests.backend_test.TestReferral" name="test_validate_referral_own_code_invalid" time="0.448" /><testcase classname="tests.backend_test.TestAdminAuth" name="test_login_wrong_password" time="0.305" /><testcase classname="tests.backend_test.TestReferral" name="test_validate_referral_bad_code" time="0.087" /><testcase classname="tests.backend_test.TestAdminAuth" name="test_admin_me" time="0.043" /><testcase classname="tests.backend_test.TestAdminAuth" name="test_admin_me_no_token" time="0.045" /><testcase classname="tests.backend_test.TestCustomerAuth" name="test_auth_me_with_bearer" time="0.047" /><testcase classname="tests.backend_test.TestAdminServices" name="test_create_update_delete_service" time="0.274" /><testcase classname="tests.backend_test.TestCustomerAuth" name="test_auth_me_invalid_token" time="0.050" /><testcase classname="tests.backend_test.TestCustomerAuth" name="test_auth_me_expired" time="0.053" /><testcase classname="tests.backend_test.TestCustomerAuth" name="test_logout_deletes_session" time="0.155" /><testcase classname="tests.backend_test.TestAdminServices" name="test_unauthorized_create" time="0.046" /><testcase classname="tests.backend_test.TestHealth" name="test_health_returns_200_ok" time="0.002" /><testcase classname="tests.backend_test.TestHealth" name="test_health_is_json" time="0.041" /></testsuite></testsuites>