<?xml version="1.0" encoding="utf-8"?><testsuites name="pytest tests"><testsuite name="pytest" errors="0" failures="0" skipped="0" tests="31" time="3.237" timestamp="2026-07-01T13:45:10.513772+00:00" hostname="agent-env-b0ab667b-616f-4121-8ab0-7b3072a912f7"><testcase classname="tests.backend_test.TestPublic" name="test_root" time="0.212" /><testcase classname="tests.backend_test.TestBookings" name="test_create_booking_cash" time="0.226" /><testcase classname="tests.backend_test.TestPublic" name="test_cities" time="0.058" /><testcase classname="tests.backend_test.TestBookings" name="test_create_booking_upi_with_ref" time="0.088" /><testcase classname="tests.backend_test.TestPublic" name="test_services_all" time="0.050" /><testcase classname="tests.backend_test.TestBookings" name="test_create_booking_upi_without_ref" time="0.051" /><testcase classname="tests.backend_test.TestPublic" name="test_services_city_multiplier" time="0.096" /><testcase classname="tests.backend_test.TestBookings" name="test_create_booking_unsupported_city" time="0.046" /><testcase classname="tests.backend_test.TestBookings" name="test_create_booking_empty_items" time="0.046" /><testcase classname="tests.backend_test.TestPublic" name="test_slots" time="0.048" /><testcase classname="tests.backend_test.TestBookings" name="test_create_booking_unauth" time="0.046" /><testcase classname="tests.backend_test.TestPublic" name="test_payment_info" time="0.050" /><testcase classname="tests.backend_test.TestBookings" name="test_list_my_bookings" time="0.047" /><testcase classname="tests.backend_test.TestBookings" name="test_get_booking_by_id" time="0.239" /><testcase classname="tests.backend_test.TestAdminBookings" name="test_list_all" time="0.326" /><testcase classname="tests.backend_test.TestBookings" name="test_other_user_forbidden" time="0.046" /><testcase classname="tests.backend_test.TestBookings" name="test_invoice_pdf" time="0.060" /><testcase classname="tests.backend_test.TestAdminBookings" name="test_update_status" time="0.131" /><testcase classname="tests.backend_test.TestAdminAuth" name="test_login_success" time="0.271" /><testcase classname="tests.backend_test.TestAdminBookings" name="test_update_invalid_status" time="0.467" /><testcase classname="tests.backend_test.TestAdminAuth" name="test_login_wrong_password" time="0.266" /><testcase classname="tests.backend_test.TestAdminBookings" name="test_stats" time="0.272" /><testcase classname="tests.backend_test.TestAdminAuth" name="test_admin_me" time="0.355" /><testcase classname="tests.backend_test.TestAdminBookings" name="test_admin_bookings_unauth" time="0.050" /><testcase classname="tests.backend_test.TestAdminServices" name="test_create_update_delete_service" time="0.231" /><testcase classname="tests.backend_test.TestAdminAuth" name="test_admin_me_no_token" time="0.085" /><testcase classname="tests.backend_test.TestCustomerAuth" name="test_auth_me_with_bearer" time="0.044" /><testcase classname="tests.backend_test.TestCustomerAuth" name="test_auth_me_invalid_token" time="0.044" /><testcase classname="tests.backend_test.TestCustomerAuth" name="test_auth_me_expired" time="0.089" /><testcase classname="tests.backend_test.TestAdminServices" name="test_unauthorized_create" time="0.051" /><testcase classname="tests.backend_test.TestCustomerAuth" name="test_logout_deletes_session" time="0.116" /></testsuite></testsuites>